[INFO] Scanning for projects...
[INFO] 
[INFO] -------------------------< groupId:mockserver >-------------------------
[INFO] Building mockserver 1.0-SNAPSHOT
[INFO] --------------------------------[ jar ]---------------------------------
[INFO] 
[INFO] >>> spring-boot-maven-plugin:2.0.3.RELEASE:run (default-cli) > test-compile @ mockserver >>>
[INFO] 
[INFO] --- maven-resources-plugin:3.0.1:resources (default-resources) @ mockserver ---
[INFO] Using 'UTF-8' encoding to copy filtered resources.
[INFO] skip non existing resourceDirectory /Users/Brice/Desktop/regression/mock_server/src/main/resources
[INFO] skip non existing resourceDirectory /Users/Brice/Desktop/regression/mock_server/src/main/resources
[INFO] 
[INFO] --- maven-compiler-plugin:3.7.0:compile (default-compile) @ mockserver ---
[INFO] Nothing to compile - all classes are up to date
[INFO] 
[INFO] --- maven-resources-plugin:3.0.1:testResources (default-testResources) @ mockserver ---
[INFO] Using 'UTF-8' encoding to copy filtered resources.
[INFO] skip non existing resourceDirectory /Users/Brice/Desktop/regression/mock_server/src/test/resources
[INFO] 
[INFO] --- maven-compiler-plugin:3.7.0:testCompile (default-testCompile) @ mockserver ---
[INFO] No sources to compile
[INFO] 
[INFO] <<< spring-boot-maven-plugin:2.0.3.RELEASE:run (default-cli) < test-compile @ mockserver <<<
[INFO] 
[INFO] 
[INFO] --- spring-boot-maven-plugin:2.0.3.RELEASE:run (default-cli) @ mockserver ---

  .   ____          _            __ _ _
 /\\ / ___'_ __ _ _(_)_ __  __ _ \ \ \ \
( ( )\___ | '_ | '_| | '_ \/ _` | \ \ \ \
 \\/  ___)| |_)| | | | | || (_| |  ) ) ) )
  '  |____| .__|_| |_|_| |_\__, | / / / /
 =========|_|==============|___/=/_/_/_/
 :: Spring Boot ::        (v2.0.3.RELEASE)

2018-06-21 12:21:57.476  INFO 19647 --- [           main] i.b.otcregression.MockServerApplication  : Starting MockServerApplication on Brices-Stash.local with PID 19647 (/Users/Brice/Desktop/regression/mock_server/target/classes started by Brice in /Users/Brice/Desktop/regression/mock_server)
2018-06-21 12:21:57.481  INFO 19647 --- [           main] i.b.otcregression.MockServerApplication  : No active profile set, falling back to default profiles: default
2018-06-21 12:21:57.557  INFO 19647 --- [           main] ConfigServletWebServerApplicationContext : Refreshing org.springframework.boot.web.servlet.context.AnnotationConfigServletWebServerApplicationContext@620f13c1: startup date [Thu Jun 21 12:21:57 EDT 2018]; root of context hierarchy
WARNING: An illegal reflective access operation has occurred
WARNING: Illegal reflective access by org.springframework.cglib.core.ReflectUtils$1 (file:/Users/Brice/.m2/repository/org/springframework/spring-core/5.0.7.RELEASE/spring-core-5.0.7.RELEASE.jar) to method java.lang.ClassLoader.defineClass(java.lang.String,byte[],int,int,java.security.ProtectionDomain)
WARNING: Please consider reporting this to the maintainers of org.springframework.cglib.core.ReflectUtils$1
WARNING: Use --illegal-access=warn to enable warnings of further illegal reflective access operations
WARNING: All illegal access operations will be denied in a future release
2018-06-21 12:22:00.035  INFO 19647 --- [           main] trationDelegate$BeanPostProcessorChecker : Bean 'org.springframework.transaction.annotation.ProxyTransactionManagementConfiguration' of type [org.springframework.transaction.annotation.ProxyTransactionManagementConfiguration$$EnhancerBySpringCGLIB$$d03ede89] is not eligible for getting processed by all BeanPostProcessors (for example: not eligible for auto-proxying)
2018-06-21 12:22:00.893  INFO 19647 --- [           main] o.s.b.w.embedded.tomcat.TomcatWebServer  : Tomcat initialized with port(s): 8080 (http)
2018-06-21 12:22:00.953  INFO 19647 --- [           main] o.apache.catalina.core.StandardService   : Starting service [Tomcat]
2018-06-21 12:22:00.953  INFO 19647 --- [           main] org.apache.catalina.core.StandardEngine  : Starting Servlet Engine: Apache Tomcat/8.5.31
2018-06-21 12:22:00.977  INFO 19647 --- [ost-startStop-1] o.a.catalina.core.AprLifecycleListener   : The APR based Apache Tomcat Native library which allows optimal performance in production environments was not found on the java.library.path: [/Users/Brice/Library/Java/Extensions:/Library/Java/Extensions:/Network/Library/Java/Extensions:/System/Library/Java/Extensions:/usr/lib/java:.]
2018-06-21 12:22:01.127  INFO 19647 --- [ost-startStop-1] o.a.c.c.C.[Tomcat].[localhost].[/]       : Initializing Spring embedded WebApplicationContext
2018-06-21 12:22:01.127  INFO 19647 --- [ost-startStop-1] o.s.web.context.ContextLoader            : Root WebApplicationContext: initialization completed in 3577 ms
2018-06-21 12:22:01.431  INFO 19647 --- [ost-startStop-1] o.s.b.w.servlet.ServletRegistrationBean  : Servlet dispatcherServlet mapped to [/]
2018-06-21 12:22:01.438  INFO 19647 --- [ost-startStop-1] o.s.b.w.servlet.FilterRegistrationBean   : Mapping filter: 'characterEncodingFilter' to: [/*]
2018-06-21 12:22:01.438  INFO 19647 --- [ost-startStop-1] o.s.b.w.servlet.FilterRegistrationBean   : Mapping filter: 'hiddenHttpMethodFilter' to: [/*]
2018-06-21 12:22:01.438  INFO 19647 --- [ost-startStop-1] o.s.b.w.servlet.FilterRegistrationBean   : Mapping filter: 'httpPutFormContentFilter' to: [/*]
2018-06-21 12:22:01.438  INFO 19647 --- [ost-startStop-1] o.s.b.w.servlet.FilterRegistrationBean   : Mapping filter: 'requestContextFilter' to: [/*]
2018-06-21 12:22:01.701  INFO 19647 --- [           main] com.zaxxer.hikari.HikariDataSource       : HikariPool-1 - Starting...
2018-06-21 12:22:01.971  INFO 19647 --- [           main] com.zaxxer.hikari.HikariDataSource       : HikariPool-1 - Start completed.
2018-06-21 12:22:02.070  INFO 19647 --- [           main] j.LocalContainerEntityManagerFactoryBean : Building JPA container EntityManagerFactory for persistence unit 'default'
2018-06-21 12:22:02.110  INFO 19647 --- [           main] o.hibernate.jpa.internal.util.LogHelper  : HHH000204: Processing PersistenceUnitInfo [
	name: default
	...]
2018-06-21 12:22:02.404  INFO 19647 --- [           main] org.hibernate.Version                    : HHH000412: Hibernate Core {5.2.17.Final}
2018-06-21 12:22:02.407  INFO 19647 --- [           main] org.hibernate.cfg.Environment            : HHH000206: hibernate.properties not found
2018-06-21 12:22:02.495  INFO 19647 --- [           main] o.hibernate.annotations.common.Version   : HCANN000001: Hibernate Commons Annotations {5.0.1.Final}
2018-06-21 12:22:02.759  INFO 19647 --- [           main] org.hibernate.dialect.Dialect            : HHH000400: Using dialect: org.hibernate.dialect.H2Dialect
2018-06-21 12:22:03.537  INFO 19647 --- [           main] o.h.t.schema.internal.SchemaCreatorImpl  : HHH000476: Executing import script 'org.hibernate.tool.schema.internal.exec.ScriptSourceInputNonExistentImpl@72bd2b8'
2018-06-21 12:22:03.542  INFO 19647 --- [           main] j.LocalContainerEntityManagerFactoryBean : Initialized JPA EntityManagerFactory for persistence unit 'default'
2018-06-21 12:22:03.789  INFO 19647 --- [           main] o.s.w.s.handler.SimpleUrlHandlerMapping  : Mapped URL path [/**/favicon.ico] onto handler of type [class org.springframework.web.servlet.resource.ResourceHttpRequestHandler]
2018-06-21 12:22:04.278  INFO 19647 --- [           main] s.w.s.m.m.a.RequestMappingHandlerAdapter : Looking for @ControllerAdvice: org.springframework.boot.web.servlet.context.AnnotationConfigServletWebServerApplicationContext@620f13c1: startup date [Thu Jun 21 12:21:57 EDT 2018]; root of context hierarchy
2018-06-21 12:22:04.362  WARN 19647 --- [           main] aWebConfiguration$JpaWebMvcConfiguration : spring.jpa.open-in-view is enabled by default. Therefore, database queries may be performed during view rendering. Explicitly configure spring.jpa.open-in-view to disable this warning
2018-06-21 12:22:04.422  INFO 19647 --- [           main] s.w.s.m.m.a.RequestMappingHandlerMapping : Mapped "{[/WebApi/GetItemEligibility],methods=[POST]}" onto public java.lang.String io.bricerb.otcregression.rest.ItemEligibility.getItemElgibility()
2018-06-21 12:22:04.424  INFO 19647 --- [           main] s.w.s.m.m.a.RequestMappingHandlerMapping : Mapped "{[/WebApi/GetMemberDetails],methods=[POST]}" onto public io.bricerb.otcregression.models.MemberDetailsResponse io.bricerb.otcregression.rest.MemberDetails.getMemberDetails(io.bricerb.otcregression.models.MemberDetailsRequest)
2018-06-21 12:22:04.425  INFO 19647 --- [           main] s.w.s.m.m.a.RequestMappingHandlerMapping : Mapped "{[/WebApi/ReportError],methods=[POST]}" onto public io.bricerb.otcregression.models.SubmitItemResponse io.bricerb.otcregression.rest.SubmitItem.submitItem(io.bricerb.otcregression.models.SubmitItemRequest)
2018-06-21 12:22:04.432  INFO 19647 --- [           main] s.w.s.m.m.a.RequestMappingHandlerMapping : Mapped "{[/error]}" onto public org.springframework.http.ResponseEntity<java.util.Map<java.lang.String, java.lang.Object>> org.springframework.boot.autoconfigure.web.servlet.error.BasicErrorController.error(javax.servlet.http.HttpServletRequest)
2018-06-21 12:22:04.433  INFO 19647 --- [           main] s.w.s.m.m.a.RequestMappingHandlerMapping : Mapped "{[/error],produces=[text/html]}" onto public org.springframework.web.servlet.ModelAndView org.springframework.boot.autoconfigure.web.servlet.error.BasicErrorController.errorHtml(javax.servlet.http.HttpServletRequest,javax.servlet.http.HttpServletResponse)
2018-06-21 12:22:04.476  INFO 19647 --- [           main] o.s.w.s.handler.SimpleUrlHandlerMapping  : Mapped URL path [/webjars/**] onto handler of type [class org.springframework.web.servlet.resource.ResourceHttpRequestHandler]
2018-06-21 12:22:04.476  INFO 19647 --- [           main] o.s.w.s.handler.SimpleUrlHandlerMapping  : Mapped URL path [/**] onto handler of type [class org.springframework.web.servlet.resource.ResourceHttpRequestHandler]
2018-06-21 12:22:05.144  INFO 19647 --- [           main] o.s.j.e.a.AnnotationMBeanExporter        : Registering beans for JMX exposure on startup
2018-06-21 12:22:05.148  INFO 19647 --- [           main] o.s.j.e.a.AnnotationMBeanExporter        : Bean with name 'dataSource' has been autodetected for JMX exposure
2018-06-21 12:22:05.157  INFO 19647 --- [           main] o.s.j.e.a.AnnotationMBeanExporter        : Located MBean 'dataSource': registering with JMX server as MBean [com.zaxxer.hikari:name=dataSource,type=HikariDataSource]
2018-06-21 12:22:05.259  INFO 19647 --- [           main] o.s.b.w.embedded.tomcat.TomcatWebServer  : Tomcat started on port(s): 8080 (http) with context path ''
2018-06-21 12:22:05.283  INFO 19647 --- [           main] i.b.otcregression.MockServerApplication  : Started MockServerApplication in 13.618 seconds (JVM running for 18.762)
2018-06-21 12:22:55.948  INFO 19647 --- [       Thread-3] ConfigServletWebServerApplicationContext : Closing org.springframework.boot.web.servlet.context.AnnotationConfigServletWebServerApplicationContext@620f13c1: startup date [Thu Jun 21 12:21:57 EDT 2018]; root of context hierarchy
2018-06-21 12:22:55.953  INFO 19647 --- [       Thread-3] o.s.j.e.a.AnnotationMBeanExporter        : Unregistering JMX-exposed beans on shutdown
2018-06-21 12:22:55.954  INFO 19647 --- [       Thread-3] o.s.j.e.a.AnnotationMBeanExporter        : Unregistering JMX-exposed beans
2018-06-21 12:22:55.955  INFO 19647 --- [       Thread-3] j.LocalContainerEntityManagerFactoryBean : Closing JPA EntityManagerFactory for persistence unit 'default'
2018-06-21 12:22:55.956  INFO 19647 --- [       Thread-3] .SchemaDropperImpl$DelayedDropActionImpl : HHH000477: Starting delayed drop of schema as part of SessionFactory shut-down'
2018-06-21 12:22:55.958  INFO 19647 --- [       Thread-3] com.zaxxer.hikari.HikariDataSource       : HikariPool-1 - Shutdown initiated...
2018-06-21 12:22:55.964  INFO 19647 --- [       Thread-3] com.zaxxer.hikari.HikariDataSource       : HikariPool-1 - Shutdown completed.
[INFO] ------------------------------------------------------------------------
[INFO] BUILD SUCCESS
[INFO] ------------------------------------------------------------------------
[INFO] Total time: 01:07 min
[INFO] Finished at: 2018-06-21T12:22:56-04:00
[INFO] ------------------------------------------------------------------------
